Performing C SOURCE FILE Test CMAKE_HAVE_LIBC_PTHREAD failed with the following output:
Change Dir: /home/nuc/Desktop/sentry_2022/cmake-build-debug/CMakeFiles/CMakeTmp

Run Build Command(s):/home/nuc/clion-2021.3.3/bin/ninja/linux/ninja cmTC_dbdea && [1/2] Building C object CMakeFiles/cmTC_dbdea.dir/src.c.o
[2/2] Linking C executable cmTC_dbdea
FAILED: cmTC_dbdea 
: && /usr/bin/cc   CMakeFiles/cmTC_dbdea.dir/src.c.o -o cmTC_dbdea   && :
/usr/bin/ld: CMakeFiles/cmTC_dbdea.dir/src.c.o: in function `main':
src.c:(.text+0x46): undefined reference to `pthread_create'
/usr/bin/ld: src.c:(.text+0x52): undefined reference to `pthread_detach'
/usr/bin/ld: src.c:(.text+0x5e): undefined reference to `pthread_cancel'
/usr/bin/ld: src.c:(.text+0x6f): undefined reference to `pthread_join'
collect2: error: ld returned 1 exit status
ninja: build stopped: subcommand failed.


Source file was:
#include <pthread.h>

static void* test_func(void* data)
{
  return data;
}

int main(void)
{
  pthread_t thread;
  pthread_create(&thread, NULL, test_func, NULL);
  pthread_detach(thread);
  pthread_cancel(thread);
  pthread_join(thread, NULL);
  pthread_atfork(NULL, NULL, NULL);
  pthread_exit(NULL);

  return 0;
}

Determining if the function pthread_create exists in the pthreads failed with the following output:
Change Dir: /home/nuc/Desktop/sentry_2022/cmake-build-debug/CMakeFiles/CMakeTmp

Run Build Command(s):/home/nuc/clion-2021.3.3/bin/ninja/linux/ninja cmTC_a1c82 && [1/2] Building C object CMakeFiles/cmTC_a1c82.dir/CheckFunctionExists.c.o
[2/2] Linking C executable cmTC_a1c82
FAILED: cmTC_a1c82 
: && /usr/bin/cc -DCHECK_FUNCTION_EXISTS=pthread_create  CMakeFiles/cmTC_a1c82.dir/CheckFunctionExists.c.o -o cmTC_a1c82  -lpthreads && :
/usr/bin/ld: cannot find -lpthreads
collect2: error: ld returned 1 exit status
ninja: build stopped: subcommand failed.



Determining if the function sgemm_ exists failed with the following output:
Change Dir: /home/nuc/Desktop/sentry_2022/cmake-build-debug/CMakeFiles/CMakeTmp

Run Build Command(s):/home/nuc/clion-2021.3.3/bin/ninja/linux/ninja cmTC_30bdd && [1/2] Building C object CMakeFiles/cmTC_30bdd.dir/CheckFunctionExists.c.o
[2/2] Linking C executable cmTC_30bdd
FAILED: cmTC_30bdd 
: && /usr/bin/cc -DCHECK_FUNCTION_EXISTS=sgemm_  CMakeFiles/cmTC_30bdd.dir/CheckFunctionExists.c.o -o cmTC_30bdd   && :
/usr/bin/ld: CMakeFiles/cmTC_30bdd.dir/CheckFunctionExists.c.o: in function `main':
CheckFunctionExists.c:(.text+0x14): undefined reference to `sgemm_'
collect2: error: ld returned 1 exit status
ninja: build stopped: subcommand failed.



Determining if the function sgemm_ exists failed with the following output:
Change Dir: /home/nuc/Desktop/sentry_2022/cmake-build-debug/CMakeFiles/CMakeTmp

Run Build Command(s):/home/nuc/clion-2021.3.3/bin/ninja/linux/ninja cmTC_07fcd && [1/2] Building C object CMakeFiles/cmTC_07fcd.dir/CheckFunctionExists.c.o
[2/2] Linking C executable cmTC_07fcd
FAILED: cmTC_07fcd 
: && /usr/bin/cc -DCHECK_FUNCTION_EXISTS=sgemm_  CMakeFiles/cmTC_07fcd.dir/CheckFunctionExists.c.o -o cmTC_07fcd  -SSL2 && :
cc: error: unrecognized command line option ‘-SSL2’
ninja: build stopped: subcommand failed.



Determining if the function cheev_ exists failed with the following output:
Change Dir: /home/nuc/Desktop/sentry_2022/cmake-build-debug/CMakeFiles/CMakeTmp

Run Build Command(s):/home/nuc/clion-2021.3.3/bin/ninja/linux/ninja cmTC_92938 && [1/2] Building C object CMakeFiles/cmTC_92938.dir/CheckFunctionExists.c.o
[2/2] Linking C executable cmTC_92938
FAILED: cmTC_92938 
: && /usr/bin/cc -DCHECK_FUNCTION_EXISTS=cheev_  CMakeFiles/cmTC_92938.dir/CheckFunctionExists.c.o -o cmTC_92938  /usr/lib/x86_64-linux-gnu/libblas.so  -lpthread  -lm  -ldl && :
/usr/bin/ld: CMakeFiles/cmTC_92938.dir/CheckFunctionExists.c.o: in function `main':
CheckFunctionExists.c:(.text+0x14): undefined reference to `cheev_'
collect2: error: ld returned 1 exit status
ninja: build stopped: subcommand failed.



Determining if the function cheev_ exists failed with the following output:
Change Dir: /home/nuc/Desktop/sentry_2022/cmake-build-debug/CMakeFiles/CMakeTmp

Run Build Command(s):/home/nuc/clion-2021.3.3/bin/ninja/linux/ninja cmTC_8ca7c && [1/2] Building C object CMakeFiles/cmTC_8ca7c.dir/CheckFunctionExists.c.o
[2/2] Linking C executable cmTC_8ca7c
FAILED: cmTC_8ca7c 
: && /usr/bin/cc -DCHECK_FUNCTION_EXISTS=cheev_  CMakeFiles/cmTC_8ca7c.dir/CheckFunctionExists.c.o -o cmTC_8ca7c  -SSL2  /usr/lib/x86_64-linux-gnu/libblas.so && :
cc: error: unrecognized command line option ‘-SSL2’
ninja: build stopped: subcommand failed.



Determining if the function cheev_ exists failed with the following output:
Change Dir: /home/nuc/Desktop/sentry_2022/cmake-build-debug/CMakeFiles/CMakeTmp

Run Build Command(s):/home/nuc/clion-2021.3.3/bin/ninja/linux/ninja cmTC_d18fe && [1/2] Building C object CMakeFiles/cmTC_d18fe.dir/CheckFunctionExists.c.o
[2/2] Linking C executable cmTC_d18fe
FAILED: cmTC_d18fe 
: && /usr/bin/cc -DCHECK_FUNCTION_EXISTS=cheev_  CMakeFiles/cmTC_d18fe.dir/CheckFunctionExists.c.o -o cmTC_d18fe  /usr/lib/x86_64-linux-gnu/liblapack.so  /usr/lib/x86_64-linux-gnu/libblas.so  -fortranlibs && :
cc: error: unrecognized command line option ‘-fortranlibs’
ninja: build stopped: subcommand failed.



